Using pre-set license
Built from '2020.3/staging' branch; Version is '2020.3.14f1 (d0d1bb862f9d) revision 13685179'; Using compiler version '192528614'; Build Type 'Release'
OS: 'Windows 10 Home; OS build 19043.1348; Version 2009; 64bit' Language: 'en' Physical Memory: 32672 MB
BatchMode: 1, IsHumanControllingUs: 0, StartBugReporterOnCrash: 0, Is64bit: 1, IsPro: 0

 COMMAND LINE ARGUMENTS:
F:\Squire Grooktook Stuff\gamedev\unity\2020.3.14f1\Editor\Unity.exe
-adb2
-batchMode
-noUpm
-name
AssetImportWorker0
-projectPath
F:/Unity Projects/MULT154_MDomitrz_Lessons
-logFile
Logs/AssetImportWorker0.log
-srvPort
49356
Successfully changed project path to: F:/Unity Projects/MULT154_MDomitrz_Lessons
F:/Unity Projects/MULT154_MDomitrz_Lessons
Using Asset Import Pipeline V2.
Refreshing native plugins compatible for Editor in 108.15 ms, found 4 plugins.
Preloading 0 native plugins for Editor in 0.00 ms.
Initialize engine version: 2020.3.14f1 (d0d1bb862f9d)
[Subsystems] Discovering subsystems at path F:/Squire Grooktook Stuff/gamedev/unity/2020.3.14f1/Editor/Data/Resources/UnitySubsystems
[Subsystems] Discovering subsystems at path F:/Unity Projects/MULT154_MDomitrz_Lessons/Assets
GfxDevice: creating device client; threaded=0
Direct3D:
    Version:  Direct3D 11.0 [level 11.1]
    Renderer: NVIDIA GeForce GTX 1070 (ID=0x1b81)
    Vendor:   
    VRAM:     8088 MB
    Driver:   26.21.14.4106
Shader 'Universal Render Pipeline/Particles/Lit': fallback shader 'Universal Render Pipeline/Particles/SimpleLit' not found
Initialize mono
Mono path[0] = 'F:/Squire Grooktook Stuff/gamedev/unity/2020.3.14f1/Editor/Data/Managed'
Mono path[1] = 'F:/Squire Grooktook Stuff/gamedev/unity/2020.3.14f1/Editor/Data/MonoBleedingEdge/lib/mono/unityjit'
Mono config path = 'F:/Squire Grooktook Stuff/gamedev/unity/2020.3.14f1/Editor/Data/MonoBleedingEdge/etc'
Using monoOptions --debugger-agent=transport=dt_socket,embedding=1,server=y,suspend=n,address=127.0.0.1:56412
Begin MonoManager ReloadAssembly
Registering precompiled unity dll's ...
Register platform support module: F:/Squire Grooktook Stuff/gamedev/unity/2020.3.14f1/Editor/Data/PlaybackEngines/WebGLSupport/UnityEditor.WebGL.Extensions.dll
Register platform support module: F:/Squire Grooktook Stuff/gamedev/unity/2020.3.14f1/Editor/Data/PlaybackEngines/WindowsStandaloneSupport/UnityEditor.WindowsStandalone.Extensions.dll
Registered in 0.001522 seconds.
Native extension for WindowsStandalone target not found
Native extension for WebGL target not found
Refreshing native plugins compatible for Editor in 96.28 ms, found 4 plugins.
Preloading 0 native plugins for Editor in 0.00 ms.
Mono: successfully reloaded assembly
- Completed reload, in  1.340 seconds
Domain Reload Profiling:
	ReloadAssembly (1340ms)
		BeginReloadAssembly (55ms)
			ExecutionOrderSort (0ms)
			DisableScriptedObjects (0ms)
			BackupInstance (0ms)
			ReleaseScriptingObjects (0ms)
			CreateAndSetChildDomain (1ms)
		EndReloadAssembly (504ms)
			LoadAssemblies (54ms)
			RebuildTransferFunctionScriptingTraits (0ms)
			SetupTypeCache (158ms)
			ReleaseScriptCaches (0ms)
			RebuildScriptCaches (34ms)
			SetupLoadedEditorAssemblies (234ms)
				LogAssemblyErrors (0ms)
				InitializePlatformSupportModulesInManaged (6ms)
				SetLoadedEditorAssemblies (0ms)
				RefreshPlugins (96ms)
				BeforeProcessingInitializeOnLoad (16ms)
				ProcessInitializeOnLoadAttributes (87ms)
				ProcessInitializeOnLoadMethodAttributes (28ms)
				AfterProcessingInitializeOnLoad (0ms)
				EditorAssembliesLoaded (0ms)
			ExecutionOrderSort2 (0ms)
			AwakeInstancesAfterBackupRestoration (0ms)
Platform modules already initialized, skipping
Registering precompiled user dll's ...
Registered in 0.012099 seconds.
Begin MonoManager ReloadAssembly
Native extension for WindowsStandalone target not found
Native extension for WebGL target not found
Refreshing native plugins compatible for Editor in 93.13 ms, found 4 plugins.
Preloading 0 native plugins for Editor in 0.00 ms.
Mono: successfully reloaded assembly
- Completed reload, in  2.737 seconds
Domain Reload Profiling:
	ReloadAssembly (2738ms)
		BeginReloadAssembly (153ms)
			ExecutionOrderSort (0ms)
			DisableScriptedObjects (6ms)
			BackupInstance (0ms)
			ReleaseScriptingObjects (0ms)
			CreateAndSetChildDomain (18ms)
		EndReloadAssembly (2531ms)
			LoadAssemblies (113ms)
			RebuildTransferFunctionScriptingTraits (0ms)
			SetupTypeCache (415ms)
			ReleaseScriptCaches (1ms)
			RebuildScriptCaches (113ms)
			SetupLoadedEditorAssemblies (1768ms)
				LogAssemblyErrors (0ms)
				InitializePlatformSupportModulesInManaged (6ms)
				SetLoadedEditorAssemblies (0ms)
				RefreshPlugins (93ms)
				BeforeProcessingInitializeOnLoad (133ms)
				ProcessInitializeOnLoadAttributes (1496ms)
				ProcessInitializeOnLoadMethodAttributes (38ms)
				AfterProcessingInitializeOnLoad (2ms)
				EditorAssembliesLoaded (0ms)
			ExecutionOrderSort2 (0ms)
			AwakeInstancesAfterBackupRestoration (6ms)
Platform modules already initialized, skipping
========================================================================
Worker process is ready to serve import requests
Shader 'Universal Render Pipeline/Particles/Lit': fallback shader 'Universal Render Pipeline/Particles/SimpleLit' not found
Launched and connected shader compiler UnityShaderCompiler.exe after 0.11 seconds
Refreshing native plugins compatible for Editor in 0.85 ms, found 4 plugins.
Preloading 0 native plugins for Editor in 0.00 ms.
Unloading 4589 Unused Serialized files (Serialized files now loaded: 0)
System memory in use before: 225.2 MB.
System memory in use after: 225.1 MB.

Unloading 54 unused Assets to reduce memory usage. Loaded Objects now: 5082.
Total: 3.853700 ms (FindLiveObjects: 0.437500 ms CreateObjectMapping: 0.186300 ms MarkObjects: 3.023300 ms  DeleteObjects: 0.205600 ms)

AssetImportParameters requested are different than current active one (requested -> active):
  custom:framework-win-MediaFoundation: 216162199b28c13a410421893ffa2e32 -> 
  custom:video-decoder-ogg-theora: a1e56fd34408186e4bbccfd4996cb3dc -> 
  custom:container-muxer-webm: aa71ff27fc2769a1b78a27578f13a17b -> 
  custom:container-demuxer-webm: 4f35f7cbe854078d1ac9338744f61a02 -> 
  custom:container-demuxer-ogg: 62fdf1f143b41e24485cea50d1cbac27 -> 
  custom:video-encoder-webm-vp8: eb34c28f22e8b96e1ab97ce403110664 -> 
  custom:video-codec-MediaFoundation-h265: 746d11721c4dcdbdad8f713fa42b33f4 -> 
  custom:video-decoder-webm-vp8: 9c59270c3fd7afecdb556c50c9e8de78 -> 
  custom:audio-decoder-ogg-vorbis: bf7c407c2cedff20999df2af8eb42d56 -> 
  custom:audio-encoder-webm-vorbis: bf7c407c2cedff20999df2af8eb42d56 -> 
========================================================================
Received Import Request.
  path: Assets/Scenes/ForestLevel.unity
  artifactKey: Guid(637ab9b94d66249418eba3cdbff584d4) Importer(815301076,1909f56bfc062723c751e8b465ee728b)
Start importing Assets/Scenes/ForestLevel.unity using Guid(637ab9b94d66249418eba3cdbff584d4) Importer(815301076,1909f56bfc062723c751e8b465ee728b)  -> (artifact id: 'b04144323cf098a5996b81dd7649b044') in 0.069088 seconds 
  Import took 0.121885 seconds .

========================================================================
Received Import Request.
  Time since last request: 1158.324535 seconds.
  path: Assets/Samples/Terrain Tools/0.1.0-preview/Terrain Assets/TerrainBrushes/terrainstamp_ridge02.brush
  artifactKey: Guid(5203e2a4f3ccc3548bde5beb3ca4bdc2) Importer(815301076,1909f56bfc062723c751e8b465ee728b)
Start importing Assets/Samples/Terrain Tools/0.1.0-preview/Terrain Assets/TerrainBrushes/terrainstamp_ridge02.brush using Guid(5203e2a4f3ccc3548bde5beb3ca4bdc2) Importer(815301076,1909f56bfc062723c751e8b465ee728b)  -> (artifact id: '19fcbc3e8dbc0b2da6ebdf264d208e7d') in 0.203620 seconds 
  Import took 0.268255 seconds .

========================================================================
Received Import Request.
  Time since last request: 0.209416 seconds.
  path: Assets/Samples/Terrain Tools/0.1.0-preview/Terrain Assets/TerrainBrushes/terrainstamp_ridge02.brush
  artifactKey: Guid(5203e2a4f3ccc3548bde5beb3ca4bdc2) Importer(815301076,1909f56bfc062723c751e8b465ee728b)
Start importing Assets/Samples/Terrain Tools/0.1.0-preview/Terrain Assets/TerrainBrushes/terrainstamp_ridge02.brush using Guid(5203e2a4f3ccc3548bde5beb3ca4bdc2) Importer(815301076,1909f56bfc062723c751e8b465ee728b)  -> (artifact id: '19fcbc3e8dbc0b2da6ebdf264d208e7d') in 0.027830 seconds 
  Import took 0.035096 seconds .

========================================================================
Received Import Request.
  Time since last request: 342.123010 seconds.
  path: Assets/Samples/Terrain Tools/0.1.0-preview/Terrain Assets/BrushTextures/ridge02.tif
  artifactKey: Guid(753f8aefff7f53945bb09d75656ba8de) Importer(815301076,1909f56bfc062723c751e8b465ee728b)
Start importing Assets/Samples/Terrain Tools/0.1.0-preview/Terrain Assets/BrushTextures/ridge02.tif using Guid(753f8aefff7f53945bb09d75656ba8de) Importer(815301076,1909f56bfc062723c751e8b465ee728b)  -> (artifact id: '89eaf559eac9fbad2e51da06e25df7c4') in 0.157237 seconds 
  Import took 0.198069 seconds .

========================================================================
Received Import Request.
  Time since last request: 3295.151946 seconds.
  path: Assets/New Terrain Material.mat
  artifactKey: Guid(fd77eb6d95cb5f44c8299085e5a11f2e) Importer(815301076,1909f56bfc062723c751e8b465ee728b)
Start importing Assets/New Terrain Material.mat using Guid(fd77eb6d95cb5f44c8299085e5a11f2e) Importer(815301076,1909f56bfc062723c751e8b465ee728b)  -> (artifact id: 'b00aa1d094cea8998af4f82db51e0553') in 600.464540 seconds 
  Import took 600.521260 seconds .

========================================================================
Received Import Request.
  Time since last request: 847.844357 seconds.
  path: Assets/URPTerrainMat.mat
  artifactKey: Guid(fd77eb6d95cb5f44c8299085e5a11f2e) Importer(815301076,1909f56bfc062723c751e8b465ee728b)
Start importing Assets/URPTerrainMat.mat using Guid(fd77eb6d95cb5f44c8299085e5a11f2e) Importer(815301076,1909f56bfc062723c751e8b465ee728b)  -> (artifact id: 'd96db8429ae16a658c7353a458c286f6') in 0.024805 seconds 
  Import took 0.059959 seconds .

========================================================================
Received Import Request.
  Time since last request: 8126.233358 seconds.
  path: Assets/Scripts/Forest/NavPlayerMovement.cs
  artifactKey: Guid(66073b8219dac2a4c8b270023624bec9) Importer(815301076,1909f56bfc062723c751e8b465ee728b)
Start importing Assets/Scripts/Forest/NavPlayerMovement.cs using Guid(66073b8219dac2a4c8b270023624bec9) Importer(815301076,1909f56bfc062723c751e8b465ee728b)  -> (artifact id: '6989076f4726e352efda5b0c7a15aa81') in 0.023769 seconds 
  Import took 0.110450 seconds .

========================================================================
Received Import Request.
  Time since last request: 8427.544383 seconds.
  path: Assets/Scripts/Forest/NavPlayerMovement.cs
  artifactKey: Guid(66073b8219dac2a4c8b270023624bec9) Importer(815301076,1909f56bfc062723c751e8b465ee728b)
Start importing Assets/Scripts/Forest/NavPlayerMovement.cs using Guid(66073b8219dac2a4c8b270023624bec9) Importer(815301076,1909f56bfc062723c751e8b465ee728b)  -> (artifact id: '6b3faf6c6df40b2e46f038006becc92c') in 0.012510 seconds 
  Import took 0.120781 seconds .

========================================================================
Received Import Request.
  Time since last request: 1.458910 seconds.
  path: Assets/Scripts/Forest/NavPlayerMovement.cs
  artifactKey: Guid(66073b8219dac2a4c8b270023624bec9) Importer(815301076,1909f56bfc062723c751e8b465ee728b)
Start importing Assets/Scripts/Forest/NavPlayerMovement.cs using Guid(66073b8219dac2a4c8b270023624bec9) Importer(815301076,1909f56bfc062723c751e8b465ee728b)  -> (artifact id: '6b3faf6c6df40b2e46f038006becc92c') in 0.027711 seconds 
  Import took 0.038382 seconds .

========================================================================
Received Import Request.
  Time since last request: 4079.947065 seconds.
  path: Assets/PineTree Variant.prefab
  artifactKey: Guid(699779e4ceff63848a7ce75cc22a38a4) Importer(815301076,1909f56bfc062723c751e8b465ee728b)
Start importing Assets/PineTree Variant.prefab using Guid(699779e4ceff63848a7ce75cc22a38a4) Importer(815301076,1909f56bfc062723c751e8b465ee728b)  -> (artifact id: 'bbd3d9be46ae2285da531f6cee6fae91') in 0.499202 seconds 
  Import took 0.569214 seconds .

========================================================================
Received Import Request.
  Time since last request: 5.090304 seconds.
  path: Assets/Tree.prefab
  artifactKey: Guid(a140b1d5bf2d80546bec14e6391249b6) Importer(815301076,1909f56bfc062723c751e8b465ee728b)
Start importing Assets/Tree.prefab using Guid(a140b1d5bf2d80546bec14e6391249b6) Importer(815301076,1909f56bfc062723c751e8b465ee728b)  -> (artifact id: '06d2260665363dec16c722c9d4606799') in 1.157243 seconds 
  Import took 1.185000 seconds .

========================================================================
Received Import Request.
  Time since last request: 0.000312 seconds.
  path: Assets/PineTree Variant.prefab
  artifactKey: Guid(699779e4ceff63848a7ce75cc22a38a4) Importer(815301076,1909f56bfc062723c751e8b465ee728b)
Start importing Assets/PineTree Variant.prefab using Guid(699779e4ceff63848a7ce75cc22a38a4) Importer(815301076,1909f56bfc062723c751e8b465ee728b)  -> (artifact id: '3c805595ddceb2ed381a41b856be49bd') in 0.031130 seconds 
  Import took 0.075080 seconds .

========================================================================
Received Import Request.
  Time since last request: 0.000249 seconds.
  path: Assets/Tree.prefab
  artifactKey: Guid(a140b1d5bf2d80546bec14e6391249b6) Importer(815301076,1909f56bfc062723c751e8b465ee728b)
Start importing Assets/Tree.prefab using Guid(a140b1d5bf2d80546bec14e6391249b6) Importer(815301076,1909f56bfc062723c751e8b465ee728b)  -> (artifact id: '06d2260665363dec16c722c9d4606799') in 0.039825 seconds 
  Import took 0.046625 seconds .

========================================================================
Received Import Request.
  Time since last request: 0.000308 seconds.
  path: Assets/PineTree Variant.prefab
  artifactKey: Guid(699779e4ceff63848a7ce75cc22a38a4) Importer(815301076,1909f56bfc062723c751e8b465ee728b)
Start importing Assets/PineTree Variant.prefab using Guid(699779e4ceff63848a7ce75cc22a38a4) Importer(815301076,1909f56bfc062723c751e8b465ee728b)  -> (artifact id: '3c805595ddceb2ed381a41b856be49bd') in 0.020920 seconds 
  Import took 0.027768 seconds .

========================================================================
Received Import Request.
  Time since last request: 82.082343 seconds.
  path: Assets/PineTree Variant.prefab
  artifactKey: Guid(699779e4ceff63848a7ce75cc22a38a4) Importer(815301076,1909f56bfc062723c751e8b465ee728b)
Start importing Assets/PineTree Variant.prefab using Guid(699779e4ceff63848a7ce75cc22a38a4) Importer(815301076,1909f56bfc062723c751e8b465ee728b)  -> (artifact id: 'eb43835decc613499190cb8ba17b8f97') in 0.023013 seconds 
  Import took 0.055836 seconds .

========================================================================
Received Import Request.
  Time since last request: 99.253325 seconds.
  path: Assets/PineTree Variant.prefab
  artifactKey: Guid(699779e4ceff63848a7ce75cc22a38a4) Importer(815301076,1909f56bfc062723c751e8b465ee728b)
Start importing Assets/PineTree Variant.prefab using Guid(699779e4ceff63848a7ce75cc22a38a4) Importer(815301076,1909f56bfc062723c751e8b465ee728b)  -> (artifact id: '6b8dbb4231f37e57a38642c95b740276') in 0.029310 seconds 
  Import took 0.036668 seconds .

========================================================================
Received Import Request.
  Time since last request: 40.034388 seconds.
  path: Assets/PineTree Variant.prefab
  artifactKey: Guid(699779e4ceff63848a7ce75cc22a38a4) Importer(815301076,1909f56bfc062723c751e8b465ee728b)
Start importing Assets/PineTree Variant.prefab using Guid(699779e4ceff63848a7ce75cc22a38a4) Importer(815301076,1909f56bfc062723c751e8b465ee728b)  -> (artifact id: 'f19ba16953976a09b5d141599657bf3b') in 0.333566 seconds 
  Import took 0.407386 seconds .

========================================================================
Received Import Request.
  Time since last request: 546.247387 seconds.
  path: Assets/RiverScene.unity
  artifactKey: Guid(1c90f16f19eabf44f87341bc245d7749) Importer(815301076,1909f56bfc062723c751e8b465ee728b)
Start importing Assets/RiverScene.unity using Guid(1c90f16f19eabf44f87341bc245d7749) Importer(815301076,1909f56bfc062723c751e8b465ee728b)  -> (artifact id: '099daeab895098fab7074f3237c3c5ff') in 0.009234 seconds 
  Import took 0.082508 seconds .

========================================================================
Received Import Request.
  Time since last request: 38.012088 seconds.
  path: Assets/PineTree Variant.prefab
  artifactKey: Guid(699779e4ceff63848a7ce75cc22a38a4) Importer(815301076,1909f56bfc062723c751e8b465ee728b)
Start importing Assets/PineTree Variant.prefab using Guid(699779e4ceff63848a7ce75cc22a38a4) Importer(815301076,1909f56bfc062723c751e8b465ee728b)  -> (artifact id: '557877183db9dd0566d9081af92af6f2') in 0.024770 seconds 
  Import took 0.059360 seconds .

========================================================================
Received Import Request.
  Time since last request: 0.000305 seconds.
  path: Assets/Tree.prefab
  artifactKey: Guid(a140b1d5bf2d80546bec14e6391249b6) Importer(815301076,1909f56bfc062723c751e8b465ee728b)
Start importing Assets/Tree.prefab using Guid(a140b1d5bf2d80546bec14e6391249b6) Importer(815301076,1909f56bfc062723c751e8b465ee728b)  -> (artifact id: '4b8671712a94e48cf8df26c137cc7d13') in 0.050674 seconds 
  Import took 0.088734 seconds .

========================================================================
Received Import Request.
  Time since last request: 2131.232292 seconds.
  path: Assets/Scenes/SampleScene.unity
  artifactKey: Guid(9fc0d4010bbf28b4594072e72b8655ab) Importer(815301076,1909f56bfc062723c751e8b465ee728b)
Start importing Assets/Scenes/SampleScene.unity using Guid(9fc0d4010bbf28b4594072e72b8655ab) Importer(815301076,1909f56bfc062723c751e8b465ee728b)  -> (artifact id: 'c983f975ccf51cde7f3f56ae4c077c52') in 0.020576 seconds 
  Import took 0.095187 seconds .

========================================================================
Received Import Request.
  Time since last request: 14.667243 seconds.
  path: Assets/Scenes/RiverLevel.unity
  artifactKey: Guid(1c90f16f19eabf44f87341bc245d7749) Importer(815301076,1909f56bfc062723c751e8b465ee728b)
Start importing Assets/Scenes/RiverLevel.unity using Guid(1c90f16f19eabf44f87341bc245d7749) Importer(815301076,1909f56bfc062723c751e8b465ee728b)  -> (artifact id: '7e403cb700199b22de637f66053cc230') in 0.009926 seconds 
  Import took 0.047717 seconds .

========================================================================
Received Import Request.
  Time since last request: 156.085382 seconds.
  path: Assets/Scenes/StartScene.unity
  artifactKey: Guid(72e685d323b76ea47b4b6f6ef5546691) Importer(815301076,1909f56bfc062723c751e8b465ee728b)
Start importing Assets/Scenes/StartScene.unity using Guid(72e685d323b76ea47b4b6f6ef5546691) Importer(815301076,1909f56bfc062723c751e8b465ee728b)  -> (artifact id: 'a7e11456af69f3692e748e6a843721f6') in 0.008249 seconds 
  Import took 0.035592 seconds .

========================================================================
Received Import Request.
  Time since last request: 3137.960506 seconds.
  path: Assets/Terrain/Terrain_0_0_7a4abf3b-912b-4db6-9237-15031475a214.asset
  artifactKey: Guid(04105c5c3e9fc384fbdee3ac4f1ffde1) Importer(815301076,1909f56bfc062723c751e8b465ee728b)
Start importing Assets/Terrain/Terrain_0_0_7a4abf3b-912b-4db6-9237-15031475a214.asset using Guid(04105c5c3e9fc384fbdee3ac4f1ffde1) Importer(815301076,1909f56bfc062723c751e8b465ee728b)  -> (artifact id: '1c75248c126fcb7bcbf9c4f1b6b57dd1') in 0.804416 seconds 
  Import took 0.881366 seconds .

========================================================================
Received Import Request.
  Time since last request: 108.213821 seconds.
  path: Assets/Scenes/RiverLevel.unity
  artifactKey: Guid(1c90f16f19eabf44f87341bc245d7749) Importer(815301076,1909f56bfc062723c751e8b465ee728b)
Start importing Assets/Scenes/RiverLevel.unity using Guid(1c90f16f19eabf44f87341bc245d7749) Importer(815301076,1909f56bfc062723c751e8b465ee728b)  -> (artifact id: 'ae4751a6bbbc87329b69d518421d02f5') in 0.008279 seconds 
  Import took 0.044199 seconds .

