Using pre-set license
Built from '2020.3/staging' branch; Version is '2020.3.14f1 (d0d1bb862f9d) revision 13685179'; Using compiler version '192528614'; Build Type 'Release'
OS: 'Windows 10 Home; OS build 19043.1348; Version 2009; 64bit' Language: 'en' Physical Memory: 32672 MB
BatchMode: 1, IsHumanControllingUs: 0, StartBugReporterOnCrash: 0, Is64bit: 1, IsPro: 0

 COMMAND LINE ARGUMENTS:
F:\Squire Grooktook Stuff\gamedev\unity\2020.3.14f1\Editor\Unity.exe
-adb2
-batchMode
-noUpm
-name
AssetImportWorker0
-projectPath
F:/Unity Projects/MULT154_MDomitrz_Lessons
-logFile
Logs/AssetImportWorker0.log
-srvPort
51665
Successfully changed project path to: F:/Unity Projects/MULT154_MDomitrz_Lessons
F:/Unity Projects/MULT154_MDomitrz_Lessons
Using Asset Import Pipeline V2.
Refreshing native plugins compatible for Editor in 71.16 ms, found 4 plugins.
Preloading 0 native plugins for Editor in 0.00 ms.
Initialize engine version: 2020.3.14f1 (d0d1bb862f9d)
[Subsystems] Discovering subsystems at path F:/Squire Grooktook Stuff/gamedev/unity/2020.3.14f1/Editor/Data/Resources/UnitySubsystems
[Subsystems] Discovering subsystems at path F:/Unity Projects/MULT154_MDomitrz_Lessons/Assets
GfxDevice: creating device client; threaded=0
Direct3D:
    Version:  Direct3D 11.0 [level 11.1]
    Renderer: NVIDIA GeForce GTX 1070 (ID=0x1b81)
    Vendor:   
    VRAM:     8088 MB
    Driver:   26.21.14.4106
Shader 'Universal Render Pipeline/Particles/Lit': fallback shader 'Universal Render Pipeline/Particles/SimpleLit' not found
Initialize mono
Mono path[0] = 'F:/Squire Grooktook Stuff/gamedev/unity/2020.3.14f1/Editor/Data/Managed'
Mono path[1] = 'F:/Squire Grooktook Stuff/gamedev/unity/2020.3.14f1/Editor/Data/MonoBleedingEdge/lib/mono/unityjit'
Mono config path = 'F:/Squire Grooktook Stuff/gamedev/unity/2020.3.14f1/Editor/Data/MonoBleedingEdge/etc'
Using monoOptions --debugger-agent=transport=dt_socket,embedding=1,server=y,suspend=n,address=127.0.0.1:56920
Begin MonoManager ReloadAssembly
Registering precompiled unity dll's ...
Register platform support module: F:/Squire Grooktook Stuff/gamedev/unity/2020.3.14f1/Editor/Data/PlaybackEngines/WebGLSupport/UnityEditor.WebGL.Extensions.dll
Register platform support module: F:/Squire Grooktook Stuff/gamedev/unity/2020.3.14f1/Editor/Data/PlaybackEngines/WindowsStandaloneSupport/UnityEditor.WindowsStandalone.Extensions.dll
Registered in 0.001881 seconds.
Native extension for WindowsStandalone target not found
Native extension for WebGL target not found
Refreshing native plugins compatible for Editor in 51.54 ms, found 4 plugins.
Preloading 0 native plugins for Editor in 0.00 ms.
Mono: successfully reloaded assembly
- Completed reload, in  1.310 seconds
Domain Reload Profiling:
	ReloadAssembly (1311ms)
		BeginReloadAssembly (55ms)
			ExecutionOrderSort (0ms)
			DisableScriptedObjects (0ms)
			BackupInstance (0ms)
			ReleaseScriptingObjects (0ms)
			CreateAndSetChildDomain (1ms)
		EndReloadAssembly (418ms)
			LoadAssemblies (54ms)
			RebuildTransferFunctionScriptingTraits (0ms)
			SetupTypeCache (140ms)
			ReleaseScriptCaches (0ms)
			RebuildScriptCaches (33ms)
			SetupLoadedEditorAssemblies (179ms)
				LogAssemblyErrors (0ms)
				InitializePlatformSupportModulesInManaged (5ms)
				SetLoadedEditorAssemblies (0ms)
				RefreshPlugins (52ms)
				BeforeProcessingInitializeOnLoad (13ms)
				ProcessInitializeOnLoadAttributes (82ms)
				ProcessInitializeOnLoadMethodAttributes (26ms)
				AfterProcessingInitializeOnLoad (0ms)
				EditorAssembliesLoaded (0ms)
			ExecutionOrderSort2 (0ms)
			AwakeInstancesAfterBackupRestoration (0ms)
Platform modules already initialized, skipping
Registering precompiled user dll's ...
Registered in 0.012280 seconds.
Begin MonoManager ReloadAssembly
Native extension for WindowsStandalone target not found
Native extension for WebGL target not found
Refreshing native plugins compatible for Editor in 49.92 ms, found 4 plugins.
Preloading 0 native plugins for Editor in 0.00 ms.
Mono: successfully reloaded assembly
- Completed reload, in  2.382 seconds
Domain Reload Profiling:
	ReloadAssembly (2383ms)
		BeginReloadAssembly (136ms)
			ExecutionOrderSort (0ms)
			DisableScriptedObjects (4ms)
			BackupInstance (0ms)
			ReleaseScriptingObjects (0ms)
			CreateAndSetChildDomain (17ms)
		EndReloadAssembly (2195ms)
			LoadAssemblies (97ms)
			RebuildTransferFunctionScriptingTraits (0ms)
			SetupTypeCache (340ms)
			ReleaseScriptCaches (1ms)
			RebuildScriptCaches (65ms)
			SetupLoadedEditorAssemblies (1575ms)
				LogAssemblyErrors (0ms)
				InitializePlatformSupportModulesInManaged (5ms)
				SetLoadedEditorAssemblies (0ms)
				RefreshPlugins (50ms)
				BeforeProcessingInitializeOnLoad (103ms)
				ProcessInitializeOnLoadAttributes (1410ms)
				ProcessInitializeOnLoadMethodAttributes (4ms)
				AfterProcessingInitializeOnLoad (3ms)
				EditorAssembliesLoaded (0ms)
			ExecutionOrderSort2 (0ms)
			AwakeInstancesAfterBackupRestoration (7ms)
Platform modules already initialized, skipping
========================================================================
Worker process is ready to serve import requests
Shader 'Universal Render Pipeline/Particles/Lit': fallback shader 'Universal Render Pipeline/Particles/SimpleLit' not found
Launched and connected shader compiler UnityShaderCompiler.exe after 0.13 seconds
Refreshing native plugins compatible for Editor in 0.74 ms, found 4 plugins.
Preloading 0 native plugins for Editor in 0.00 ms.
Unloading 3282 Unused Serialized files (Serialized files now loaded: 0)
System memory in use before: 163.4 MB.
System memory in use after: 163.4 MB.

Unloading 54 unused Assets to reduce memory usage. Loaded Objects now: 3774.
Total: 2.719700 ms (FindLiveObjects: 0.327300 ms CreateObjectMapping: 0.161900 ms MarkObjects: 2.041100 ms  DeleteObjects: 0.188200 ms)

AssetImportParameters requested are different than current active one (requested -> active):
  custom:framework-win-MediaFoundation: 216162199b28c13a410421893ffa2e32 -> 
  custom:video-decoder-ogg-theora: a1e56fd34408186e4bbccfd4996cb3dc -> 
  custom:container-muxer-webm: aa71ff27fc2769a1b78a27578f13a17b -> 
  custom:container-demuxer-webm: 4f35f7cbe854078d1ac9338744f61a02 -> 
  custom:container-demuxer-ogg: 62fdf1f143b41e24485cea50d1cbac27 -> 
  custom:video-encoder-webm-vp8: eb34c28f22e8b96e1ab97ce403110664 -> 
  custom:video-codec-MediaFoundation-h265: 746d11721c4dcdbdad8f713fa42b33f4 -> 
  custom:video-decoder-webm-vp8: 9c59270c3fd7afecdb556c50c9e8de78 -> 
  custom:audio-decoder-ogg-vorbis: bf7c407c2cedff20999df2af8eb42d56 -> 
  custom:audio-encoder-webm-vorbis: bf7c407c2cedff20999df2af8eb42d56 -> 
========================================================================
Received Import Request.
  path: Assets/Rabbits/Animations/Rabbit@Dead.fbx
  artifactKey: Guid(fddb956d20257974eb947797a75cba6f) Importer(815301076,1909f56bfc062723c751e8b465ee728b)
Start importing Assets/Rabbits/Animations/Rabbit@Dead.fbx using Guid(fddb956d20257974eb947797a75cba6f) Importer(815301076,1909f56bfc062723c751e8b465ee728b)  -> (artifact id: 'dda9f407747649cc1cdcd368bed8c485') in 0.229455 seconds 
  Import took 0.233993 seconds .

========================================================================
Received Import Request.
  Time since last request: 0.000278 seconds.
  path: Assets/Rabbits/Animations/Rabbit@Run.fbx
  artifactKey: Guid(dd7f7570f26fc4e4aab4c4c2fc42fda5) Importer(815301076,1909f56bfc062723c751e8b465ee728b)
Start importing Assets/Rabbits/Animations/Rabbit@Run.fbx using Guid(dd7f7570f26fc4e4aab4c4c2fc42fda5) Importer(815301076,1909f56bfc062723c751e8b465ee728b)  -> (artifact id: '4b69cec16debdf091efe3382fac5ce75') in 0.028539 seconds 
  Import took 0.033149 seconds .

========================================================================
Received Import Request.
  Time since last request: 0.000274 seconds.
  path: Assets/Rabbits/Animations/Rabbit@Idle.fbx
  artifactKey: Guid(7419c06bc8205ac4c85a55debfadae62) Importer(815301076,1909f56bfc062723c751e8b465ee728b)
Start importing Assets/Rabbits/Animations/Rabbit@Idle.fbx using Guid(7419c06bc8205ac4c85a55debfadae62) Importer(815301076,1909f56bfc062723c751e8b465ee728b)  -> (artifact id: 'b86736c754043563c15324a965a8ba0f') in 0.011659 seconds 
  Import took 0.016119 seconds .

========================================================================
Received Import Request.
  Time since last request: 7.434306 seconds.
  path: Assets/PineTree Variant.prefab
  artifactKey: Guid(699779e4ceff63848a7ce75cc22a38a4) Importer(815301076,1909f56bfc062723c751e8b465ee728b)
Start importing Assets/PineTree Variant.prefab using Guid(699779e4ceff63848a7ce75cc22a38a4) Importer(815301076,1909f56bfc062723c751e8b465ee728b)  -> (artifact id: '85a80503061219a894de1ec770240729') in 0.455188 seconds 
  Import took 0.459857 seconds .

========================================================================
Received Import Request.
  Time since last request: 78.232540 seconds.
  path: Assets/GamePipeline.asset
  artifactKey: Guid(51ecc1b23df41e94a947b9ae29af7f9a) Importer(815301076,1909f56bfc062723c751e8b465ee728b)
Start importing Assets/GamePipeline.asset using Guid(51ecc1b23df41e94a947b9ae29af7f9a) Importer(815301076,1909f56bfc062723c751e8b465ee728b)  -> (artifact id: '6ed8172c8198bb2d377c13b5ad2dd0dd') in 0.034322 seconds 
  Import took 0.039330 seconds .

========================================================================
Received Import Request.
  Time since last request: 0.000334 seconds.
  path: Assets/GamePipeline_Renderer.asset
  artifactKey: Guid(d863f7e47bda77a458f0436391934566) Importer(815301076,1909f56bfc062723c751e8b465ee728b)
Start importing Assets/GamePipeline_Renderer.asset using Guid(d863f7e47bda77a458f0436391934566) Importer(815301076,1909f56bfc062723c751e8b465ee728b)  -> (artifact id: 'e1a6ab8d4ac2f5e7e6d45684b13a9a40') in 0.024356 seconds 
  Import took 0.029127 seconds .

========================================================================
Received Prepare
Switching render pipeline 00000000000000000000000000000000 -> 51ecc1b23df41e94a947b9ae29af7f9a
Shader 'Universal Render Pipeline/Particles/Lit': fallback shader 'Universal Render Pipeline/Particles/SimpleLit' not found
Refreshing native plugins compatible for Editor in 6.72 ms, found 4 plugins.
Preloading 0 native plugins for Editor in 0.00 ms.
Unloading 85 Unused Serialized files (Serialized files now loaded: 0)
System memory in use before: 98.6 MB.
System memory in use after: 98.7 MB.

Unloading 37 unused Assets to reduce memory usage. Loaded Objects now: 3829.
Total: 4.536100 ms (FindLiveObjects: 0.349400 ms CreateObjectMapping: 0.168500 ms MarkObjects: 3.867500 ms  DeleteObjects: 0.149700 ms)

AssetImportParameters requested are different than current active one (requested -> active):
  custom:framework-win-MediaFoundation: 216162199b28c13a410421893ffa2e32 -> 
  custom:video-decoder-ogg-theora: a1e56fd34408186e4bbccfd4996cb3dc -> 
  custom:container-muxer-webm: aa71ff27fc2769a1b78a27578f13a17b -> 
  custom:container-demuxer-webm: 4f35f7cbe854078d1ac9338744f61a02 -> 
  custom:container-demuxer-ogg: 62fdf1f143b41e24485cea50d1cbac27 -> 
  custom:video-encoder-webm-vp8: eb34c28f22e8b96e1ab97ce403110664 -> 
  custom:video-codec-MediaFoundation-h265: 746d11721c4dcdbdad8f713fa42b33f4 -> 
  custom:video-decoder-webm-vp8: 9c59270c3fd7afecdb556c50c9e8de78 -> 
  custom:audio-decoder-ogg-vorbis: bf7c407c2cedff20999df2af8eb42d56 -> 
  custom:audio-encoder-webm-vorbis: bf7c407c2cedff20999df2af8eb42d56 -> 
========================================================================
Received Import Request.
  Time since last request: 1292.487105 seconds.
  path: Assets/GamePipeline_Renderer.asset
  artifactKey: Guid(d863f7e47bda77a458f0436391934566) Importer(815301076,1909f56bfc062723c751e8b465ee728b)
Start importing Assets/GamePipeline_Renderer.asset using Guid(d863f7e47bda77a458f0436391934566) Importer(815301076,1909f56bfc062723c751e8b465ee728b)  -> (artifact id: 'ebf613cc56aad5d71e1a069125b06739') in 0.021674 seconds 
  Import took 0.026419 seconds .

========================================================================
Received Import Request.
  Time since last request: 0.000243 seconds.
  path: Assets/GamePipeline.asset
  artifactKey: Guid(51ecc1b23df41e94a947b9ae29af7f9a) Importer(815301076,1909f56bfc062723c751e8b465ee728b)
Start importing Assets/GamePipeline.asset using Guid(51ecc1b23df41e94a947b9ae29af7f9a) Importer(815301076,1909f56bfc062723c751e8b465ee728b)  -> (artifact id: 'fddd0391fa9da6f83aabaf962b17fd89') in 0.009428 seconds 
  Import took 0.013789 seconds .

========================================================================
Received Prepare
Switching render pipeline 00000000000000000000000000000000 -> 51ecc1b23df41e94a947b9ae29af7f9a
Shader 'Universal Render Pipeline/Particles/Lit': fallback shader 'Universal Render Pipeline/Particles/SimpleLit' not found
Refreshing native plugins compatible for Editor in 8.84 ms, found 4 plugins.
Preloading 0 native plugins for Editor in 0.00 ms.
Unloading 39 Unused Serialized files (Serialized files now loaded: 0)
System memory in use before: 97.2 MB.
System memory in use after: 97.2 MB.

Unloading 37 unused Assets to reduce memory usage. Loaded Objects now: 3831.
Total: 4.703300 ms (FindLiveObjects: 0.372900 ms CreateObjectMapping: 0.212500 ms MarkObjects: 3.952000 ms  DeleteObjects: 0.164700 ms)

AssetImportParameters requested are different than current active one (requested -> active):
  colorSpace: 1 -> 0
  custom:framework-win-MediaFoundation: 216162199b28c13a410421893ffa2e32 -> 
  custom:video-decoder-ogg-theora: a1e56fd34408186e4bbccfd4996cb3dc -> 
  custom:container-muxer-webm: aa71ff27fc2769a1b78a27578f13a17b -> 
  custom:container-demuxer-webm: 4f35f7cbe854078d1ac9338744f61a02 -> 
  custom:container-demuxer-ogg: 62fdf1f143b41e24485cea50d1cbac27 -> 
  custom:video-encoder-webm-vp8: eb34c28f22e8b96e1ab97ce403110664 -> 
  custom:video-codec-MediaFoundation-h265: 746d11721c4dcdbdad8f713fa42b33f4 -> 
  custom:video-decoder-webm-vp8: 9c59270c3fd7afecdb556c50c9e8de78 -> 
  custom:audio-decoder-ogg-vorbis: bf7c407c2cedff20999df2af8eb42d56 -> 
  custom:audio-encoder-webm-vorbis: bf7c407c2cedff20999df2af8eb42d56 -> 
========================================================================
Received Import Request.
  Time since last request: 2879.271718 seconds.
  path: Assets/sHADER
  artifactKey: Guid(19ee2cfe17e1bcf42be24860ed9e4577) Importer(815301076,1909f56bfc062723c751e8b465ee728b)
Start importing Assets/sHADER using Guid(19ee2cfe17e1bcf42be24860ed9e4577) Importer(815301076,1909f56bfc062723c751e8b465ee728b)  -> (artifact id: '11f6a6aa7f0bee60bee1194615524c2c') in 0.010720 seconds 
  Import took 0.056543 seconds .

========================================================================
Received Import Request.
  Time since last request: 0.009883 seconds.
  path: Assets/sHADER
  artifactKey: Guid(19ee2cfe17e1bcf42be24860ed9e4577) Importer(815301076,1909f56bfc062723c751e8b465ee728b)
Start importing Assets/sHADER using Guid(19ee2cfe17e1bcf42be24860ed9e4577) Importer(815301076,1909f56bfc062723c751e8b465ee728b)  -> (artifact id: '11f6a6aa7f0bee60bee1194615524c2c') in 0.010066 seconds 
  Import took 0.014485 seconds .

========================================================================
Received Import Request.
  Time since last request: 4.213665 seconds.
  path: Assets/Shader
  artifactKey: Guid(19ee2cfe17e1bcf42be24860ed9e4577) Importer(815301076,1909f56bfc062723c751e8b465ee728b)
Start importing Assets/Shader using Guid(19ee2cfe17e1bcf42be24860ed9e4577) Importer(815301076,1909f56bfc062723c751e8b465ee728b)  -> (artifact id: '9a421875f47f4307b4686e8462c8f7cc') in 0.008451 seconds 
  Import took 0.013034 seconds .

========================================================================
Received Import Request.
  Time since last request: 67.092591 seconds.
  path: Assets/Shader/NewUnlitShader.shader
  artifactKey: Guid(6a4a5fc8eb9217641a9729e6b94b1720) Importer(815301076,1909f56bfc062723c751e8b465ee728b)
Start importing Assets/Shader/NewUnlitShader.shader using Guid(6a4a5fc8eb9217641a9729e6b94b1720) Importer(815301076,1909f56bfc062723c751e8b465ee728b)  -> (artifact id: '2ebf027d94e9ed59169e468dcc8e53d1') in 0.059058 seconds 
  Import took 0.065806 seconds .

========================================================================
Received Import Request.
  Time since last request: 0.024857 seconds.
  path: Assets/Shader/NewUnlitShader.shader
  artifactKey: Guid(6a4a5fc8eb9217641a9729e6b94b1720) Importer(815301076,1909f56bfc062723c751e8b465ee728b)
Start importing Assets/Shader/NewUnlitShader.shader using Guid(6a4a5fc8eb9217641a9729e6b94b1720) Importer(815301076,1909f56bfc062723c751e8b465ee728b)  -> (artifact id: '2ebf027d94e9ed59169e468dcc8e53d1') in 0.009098 seconds 
  Import took 0.014196 seconds .

========================================================================
Received Import Request.
  Time since last request: 81.316438 seconds.
  path: Assets/Shader/HiveShader.shader
  artifactKey: Guid(6a4a5fc8eb9217641a9729e6b94b1720) Importer(815301076,1909f56bfc062723c751e8b465ee728b)
Start importing Assets/Shader/HiveShader.shader using Guid(6a4a5fc8eb9217641a9729e6b94b1720) Importer(815301076,1909f56bfc062723c751e8b465ee728b)  -> (artifact id: 'b126adee37b663aa36c130ea35ffd371') in 0.008344 seconds 
  Import took 0.013817 seconds .

========================================================================
Received Import Request.
  Time since last request: 34.701904 seconds.
  path: Assets/Shader/HiveMat.mat
  artifactKey: Guid(0aa1866604eb8404482ea2bffb7d12eb) Importer(815301076,1909f56bfc062723c751e8b465ee728b)
Start importing Assets/Shader/HiveMat.mat using Guid(0aa1866604eb8404482ea2bffb7d12eb) Importer(815301076,1909f56bfc062723c751e8b465ee728b)  -> (artifact id: '7479fe671ddf06437280c4954963e812') in 0.479183 seconds 
  Import took 0.484094 seconds .

